0 verbose cli C:\Program Files\nodejs\node.exe C:\Program Files\nodejs\node_modules\npm\bin\npm-cli.js
1 info using npm@10.5.1
2 info using node@v22.0.0
3 timing npm:load:whichnode Completed in 7ms
4 timing config:load:defaults Completed in 7ms
5 timing config:load:file:C:\Users\ASUS\AppData\Roaming\nvm\v22.0.0\node_modules\npm\npmrc Completed in 2ms
6 timing config:load:builtin Completed in 4ms
7 timing config:load:cli Completed in 8ms
8 timing config:load:env Completed in 4ms
9 timing config:load:file:d:\PLAXSWAP-GELATO\.npmrc Completed in 1ms
10 timing config:load:project Completed in 10ms
11 timing config:load:file:C:\Users\ASUS\.npmrc Completed in 15ms
12 timing config:load:user Completed in 16ms
13 timing config:load:file:C:\Program Files\nodejs\etc\npmrc Completed in 2ms
14 timing config:load:global Completed in 2ms
15 timing config:load:setEnvs Completed in 3ms
16 timing config:load Completed in 58ms
17 timing npm:load:configload Completed in 58ms
18 timing config:load:flatten Completed in 11ms
19 timing npm:load:mkdirpcache Completed in 1ms
20 timing npm:load:mkdirplogs Completed in 1ms
21 verbose title npm config get prefix
22 verbose argv "config" "get" "prefix"
23 timing npm:load:setTitle Completed in 3ms
24 timing npm:load:display Completed in 5ms
25 verbose logfile logs-max:10 dir:D:\PLAXSWAP-GELATO\npm-cache\_logs\2026-05-07T22_06_52_457Z-
26 verbose logfile D:\PLAXSWAP-GELATO\npm-cache\_logs\2026-05-07T22_06_52_457Z-debug-0.log
27 timing npm:load:logFile Completed in 116ms
28 timing npm:load:timers Completed in 1ms
29 timing npm:load:configScope Completed in 0ms
30 timing npm:load Completed in 294ms
31 timing command:config Completed in 7ms
32 verbose exit 0
33 timing npm Completed in 692ms
34 info ok
